
----------------------------------
Using stored unhandled routes!.
   To discover new routes in the angular app use "[33mnpm run scully -- --scanRoutes[39m"
----------------------------------

----------------------------------
Using stored unhandled routes!.
   To discover new routes in the angular app use "[33mnpm run scully -- --scanRoutes[39m"
----------------------------------

      ----------------
      Error, missing "[33m<scully-content>[39m" in route "[33m/blog/2020-10-12-blog[39m"
      without <scully-content> we can not render this route.
      Make sure it is in there, and not inside any conditionals (*ngIf)
      You can check this by opening "[33mhttp://localhost:4200/blog/2020-10-12-blog[39m"
      when you serve your app with [33mng serve[39m and then in the browsers console run:
      [33mdocument.querySelector('scully-content')[39m
      ----------------
      

----------------------------------
Using stored unhandled routes!.
   To discover new routes in the angular app use "[33mnpm run scully -- --scanRoutes[39m"
----------------------------------

----------------------------------
Using stored unhandled routes!.
   To discover new routes in the angular app use "[33mnpm run scully -- --scanRoutes[39m"
----------------------------------

----------------------------------
Using stored unhandled routes!.
   To discover new routes in the angular app use "[33mnpm run scully -- --scanRoutes[39m"
----------------------------------

----------------------------------
Using stored unhandled routes!.
   To discover new routes in the angular app use "[33mnpm run scully -- --scanRoutes[39m"
----------------------------------

----------------------------------
Using stored unhandled routes!.
   To discover new routes in the angular app use "[33mnpm run scully -- --scanRoutes[39m"
----------------------------------The file [33m./blog/Un mes trabajando desde casa.mdx[39m has extension [33m.mdx[39m that has no plugin defined, scully will skip this file.The file [33m./blog/WorkFromHome-PrimerDia.mdx[39m has extension [33m.mdx[39m that has no plugin defined, scully will skip this file.The file [33m./blog/Yo en la PyData.mdx[39m has extension [33m.mdx[39m that has no plugin defined, scully will skip this file.The file [33m./blog/Yo, programador. Parte 1.mdx[39m has extension [33m.mdx[39m that has no plugin defined, scully will skip this file.The file [33m./blog/Yo, programador. Parte 2.mdx[39m has extension [33m.mdx[39m that has no plugin defined, scully will skip this file.The file [33m./blog/comunidades.mdx[39m has extension [33m.mdx[39m that has no plugin defined, scully will skip this file.The file [33m./blog/my-first-article.mdx[39m has extension [33m.mdx[39m that has no plugin defined, scully will skip this file.








----------------------------------
Using stored unhandled routes!.
   To discover new routes in the angular app use "[33mnpm run scully -- --scanRoutes[39m"
----------------------------------The file [33m./blog/Un-mes-trabajando-desde-casa.mdx[39m has extension [33m.mdx[39m that has no plugin defined, scully will skip this file.The file [33m./blog/WorkFromHome-PrimerDia.mdx[39m has extension [33m.mdx[39m that has no plugin defined, scully will skip this file.The file [33m./blog/Yo-en-la-PyData.mdx[39m has extension [33m.mdx[39m that has no plugin defined, scully will skip this file.The file [33m./blog/Yo-programador-Parte-1.mdx[39m has extension [33m.mdx[39m that has no plugin defined, scully will skip this file.The file [33m./blog/Yo-programador-Parte-2.mdx[39m has extension [33m.mdx[39m that has no plugin defined, scully will skip this file.The file [33m./blog/comunidades.mdx[39m has extension [33m.mdx[39m that has no plugin defined, scully will skip this file.The file [33m./blog/my-first-article.mdx[39m has extension [33m.mdx[39m that has no plugin defined, scully will skip this file.







The file [33m./blog/Un-mes-trabajando-desde-casa.mdx[39m has extension [33m.mdx[39m that has no plugin defined, scully will skip this file.The file [33m./blog/WorkFromHome-PrimerDia.mdx[39m has extension [33m.mdx[39m that has no plugin defined, scully will skip this file.The file [33m./blog/Yo-en-la-PyData.mdx[39m has extension [33m.mdx[39m that has no plugin defined, scully will skip this file.The file [33m./blog/Yo-programador-Parte-1.mdx[39m has extension [33m.mdx[39m that has no plugin defined, scully will skip this file.The file [33m./blog/Yo-programador-Parte-2.mdx[39m has extension [33m.mdx[39m that has no plugin defined, scully will skip this file.The file [33m./blog/comunidades.mdx[39m has extension [33m.mdx[39m that has no plugin defined, scully will skip this file.The file [33m./blog/my-first-article.mdx[39m has extension [33m.mdx[39m that has no plugin defined, scully will skip this file.







----------------------------------
Using stored unhandled routes!.
   To discover new routes in the angular app use "[33mnpm run scully -- --scanRoutes[39m"
----------------------------------

----------------------------------
Using stored unhandled routes!.
   To discover new routes in the angular app use "[33mnpm run scully -- --scanRoutes[39m"
----------------------------------
